<?xml version="1.0" encoding="UTF-8"?>
<testng-results ignored="38" total="39" passed="1" failed="0" skipped="0">
  <reporter-output>
  </reporter-output>
  <suite started-at="2023-11-14T19:53:13 IST" name="Default suite" finished-at="2023-11-14T19:53:13 IST" duration-ms="62">
    <groups>
    </groups>
    <test started-at="2023-11-14T19:53:13 IST" name="Default test" finished-at="2023-11-14T19:53:13 IST" duration-ms="62">
      <class name="Maven_Sample.ImptPrograme">
        <test-method signature="e()[pri:0, instance:Maven_Sample.ImptPrograme@72d1ad2e]" started-at="2023-11-14T19:53:13 IST" name="e" finished-at="2023-11-14T19:53:13 IST" duration-ms="12" status="PASS">
          <reporter-output>
          </reporter-output>
        </test-method> <!-- e -->
      </class> <!-- Maven_Sample.ImptPrograme -->
    </test> <!-- Default test -->
  </suite> <!-- Default suite -->
</testng-results>
